<?xml version="1.0" encoding="UTF-8"?>
<!-- Generated by org.testng.reporters.JUnitReportReporter -->
<testsuite hostname="SubhanPC" failures="0" tests="1" name="My_package.Heroku_firefox" time="1.267" errors="0" timestamp="2024-07-10T16:09:49 IST" skipped="0">
  <testcase classname="My_package.Heroku_firefox" name="tc1" time="1.267"/>
  <system-out/>
</testsuite> <!-- My_package.Heroku_firefox -->
